<?xml version="1.0" encoding="UTF-8"?>
<testng-results skipped="0" failed="1" ignored="2" total="5" passed="2">
  <reporter-output>
  </reporter-output>
  <suite name="Default suite" duration-ms="14829" started-at="2019-03-23T05:22:07Z" finished-at="2019-03-23T05:22:22Z">
    <groups>
    </groups>
    <test name="Default test" duration-ms="14829" started-at="2019-03-23T05:22:07Z" finished-at="2019-03-23T05:22:22Z">
      <class name="Tests.LoginTesta">
        <test-method status="PASS" signature="setupoEnviroment()[pri:0, instance:Tests.LoginTesta@58651fd0]" name="setupoEnviroment" is-config="true" duration-ms="9508" started-at="2019-03-23T05:22:07Z" finished-at="2019-03-23T05:22:17Z">
          <reporter-output>
          </reporter-output>
        </test-method> <!-- setupoEnviroment -->
        <test-method status="PASS" signature="verifylogin()[pri:0, instance:Tests.LoginTesta@58651fd0]" name="verifylogin" duration-ms="5193" started-at="2019-03-23T05:22:17Z" description="Verify login" finished-at="2019-03-23T05:22:22Z">
          <reporter-output>
          </reporter-output>
        </test-method> <!-- verifylogin -->
        <test-method status="PASS" signature="afterenve()[pri:0, instance:Tests.LoginTesta@58651fd0]" name="afterenve" is-config="true" duration-ms="75" started-at="2019-03-23T05:22:22Z" finished-at="2019-03-23T05:22:22Z">
          <reporter-output>
          </reporter-output>
        </test-method> <!-- afterenve -->
      </class> <!-- Tests.LoginTesta -->
      <class name="Tests.ReservationPage">
        <test-method status="PASS" signature="testSize()[pri:1, instance:Tests.ReservationPage@4520ebad]" name="testSize" duration-ms="32" started-at="2019-03-23T05:22:22Z" description="verifiy RadioButton size" finished-at="2019-03-23T05:22:22Z">
          <reporter-output>
          </reporter-output>
        </test-method> <!-- testSize -->
        <test-method status="FAIL" signature="testfromLocation()[pri:2, instance:Tests.ReservationPage@4520ebad]" name="testfromLocation" duration-ms="0" started-at="2019-03-23T05:22:22Z" description="verifiy FromLocation size" finished-at="2019-03-23T05:22:22Z">
          <exception class="java.lang.NullPointerException">
            <full-stacktrace>
              <![CDATA[java.lang.NullPointerException
at UI_Component.ReservationPageComponent.findDepartName(ReservationPageComponent.java:44)
at Tests.ReservationPage.testfromLocation(ReservationPage.java:23)
at sun.reflect.NativeMethodAccessorImpl.invoke0(Native Method)
at sun.reflect.NativeMethodAccessorImpl.invoke(Unknown Source)
at sun.reflect.DelegatingMethodAccessorImpl.invoke(Unknown Source)
at java.lang.reflect.Method.invoke(Unknown Source)
at org.testng.internal.MethodInvocationHelper.invokeMethod(MethodInvocationHelper.java:124)
at org.testng.internal.Invoker.invokeMethod(Invoker.java:583)
at org.testng.internal.Invoker.invokeTestMethod(Invoker.java:719)
at org.testng.internal.Invoker.invokeTestMethods(Invoker.java:989)
at org.testng.internal.TestMethodWorker.invokeTestMethods(TestMethodWorker.java:125)
at org.testng.internal.TestMethodWorker.run(TestMethodWorker.java:109)
at org.testng.TestRunner.privateRun(TestRunner.java:648)
at org.testng.TestRunner.run(TestRunner.java:505)
at org.testng.SuiteRunner.runTest(SuiteRunner.java:455)
at org.testng.SuiteRunner.runSequentially(SuiteRunner.java:450)
at org.testng.SuiteRunner.privateRun(SuiteRunner.java:415)
at org.testng.SuiteRunner.run(SuiteRunner.java:364)
at org.testng.SuiteRunnerWorker.runSuite(SuiteRunnerWorker.java:52)
at org.testng.SuiteRunnerWorker.run(SuiteRunnerWorker.java:84)
at org.testng.TestNG.runSuitesSequentially(TestNG.java:1208)
at org.testng.TestNG.runSuitesLocally(TestNG.java:1137)
at org.testng.TestNG.runSuites(TestNG.java:1049)
at org.testng.TestNG.run(TestNG.java:1017)
at org.testng.remote.AbstractRemoteTestNG.run(AbstractRemoteTestNG.java:115)
at org.testng.remote.RemoteTestNG.initAndRun(RemoteTestNG.java:251)
at org.testng.remote.RemoteTestNG.main(RemoteTestNG.java:77)
]]>
            </full-stacktrace>
          </exception> <!-- java.lang.NullPointerException -->
          <reporter-output>
          </reporter-output>
        </test-method> <!-- testfromLocation -->
      </class> <!-- Tests.ReservationPage -->
    </test> <!-- Default test -->
  </suite> <!-- Default suite -->
</testng-results>
